SF:/home/runner/work/PruebaKenPanama/PruebaKenPanama/PruebaProgramadorBackendCSharp/Program.cs
FN:5,System.Void Program::<Main>$(System.String[])
FNDA:0,System.Void Program::<Main>$(System.String[])
DA:6,0
DA:10,0
DA:12,0
DA:13,0
DA:16,0
DA:17,0
DA:20,0
DA:22,0
DA:23,0
DA:25,0
DA:28,0
DA:29,0
DA:30,0
DA:31,0
DA:32,0
DA:34,0
DA:36,0
DA:38,0
DA:40,0
BRDA:28,142,0,0
BRDA:28,142,1,0
LF:19
LH:0
BRF:2
BRH:0
FNF:1
FNH:0
end_of_record
SF:/home/runner/work/PruebaKenPanama/PruebaKenPanama/PruebaProgramadorBackendCSharp/Services/MarcaAutoService.cs
FN:9,System.Void PruebaProgramadorBackendCSharp.Services.MarcaAutoService::.ctor(PruebaProgramadorBackendCSharp.Repositories.IMarcaAutoRepository)
FNDA:11,System.Void PruebaProgramadorBackendCSharp.Services.MarcaAutoService::.ctor(PruebaProgramadorBackendCSharp.Repositories.IMarcaAutoRepository)
DA:10,11
DA:11,11
DA:12,11
DA:13,11
FN:45,System.Void PruebaProgramadorBackendCSharp.Services.MarcaAutoService/<ActualizarAsync>d__5::MoveNext()
FNDA:3,System.Void PruebaProgramadorBackendCSharp.Services.MarcaAutoService/<ActualizarAsync>d__5::MoveNext()
DA:46,3
DA:47,4
DA:49,2
DA:50,2
DA:51,1
DA:53,1
DA:54,1
DA:56,1
DA:57,1
DA:58,1
DA:59,1
BRDA:47,45,0,1
BRDA:47,45,1,2
BRDA:50,213,0,1
BRDA:50,213,1,1
FN:29,System.Void PruebaProgramadorBackendCSharp.Services.MarcaAutoService/<CrearAsync>d__4::MoveNext()
FNDA:2,System.Void PruebaProgramadorBackendCSharp.Services.MarcaAutoService/<CrearAsync>d__4::MoveNext()
DA:30,2
DA:33,2
DA:34,2
DA:35,2
DA:36,2
DA:37,2
DA:38,2
DA:40,2
DA:41,2
DA:42,2
DA:43,2
FN:61,System.Void PruebaProgramadorBackendCSharp.Services.MarcaAutoService/<EliminarAsync>d__6::MoveNext()
FNDA:3,System.Void PruebaProgramadorBackendCSharp.Services.MarcaAutoService/<EliminarAsync>d__6::MoveNext()
DA:62,3
DA:63,4
DA:65,2
DA:66,2
DA:67,1
DA:69,1
DA:70,1
DA:71,1
BRDA:63,40,0,1
BRDA:63,40,1,2
BRDA:66,202,0,1
BRDA:66,202,1,1
FN:20,System.Void PruebaProgramadorBackendCSharp.Services.MarcaAutoService/<ObtenerPorIdAsync>d__3::MoveNext()
FNDA:2,System.Void PruebaProgramadorBackendCSharp.Services.MarcaAutoService/<ObtenerPorIdAsync>d__3::MoveNext()
DA:21,2
DA:22,2
DA:23,2
DA:24,1
DA:26,1
DA:27,1
BRDA:23,164,0,1
BRDA:23,164,1,1
FN:15,System.Void PruebaProgramadorBackendCSharp.Services.MarcaAutoService/<ObtenerTodasAsync>d__2::MoveNext()
FNDA:1,System.Void PruebaProgramadorBackendCSharp.Services.MarcaAutoService/<ObtenerTodasAsync>d__2::MoveNext()
DA:16,1
DA:17,1
DA:18,1
LF:43
LH:43
BRF:10
BRH:10
FNF:6
FNH:6
end_of_record
SF:/home/runner/work/PruebaKenPanama/PruebaKenPanama/PruebaProgramadorBackendCSharp/Repositories/MarcaAutoRepository.cs
FN:30,System.Void PruebaProgramadorBackendCSharp.Repositories.MarcaAutoRepository::Update(PruebaProgramadorBackendCSharp.Models.MarcaAuto)
FNDA:1,System.Void PruebaProgramadorBackendCSharp.Repositories.MarcaAutoRepository::Update(PruebaProgramadorBackendCSharp.Models.MarcaAuto)
DA:31,1
DA:32,1
DA:33,1
FN:35,System.Void PruebaProgramadorBackendCSharp.Repositories.MarcaAutoRepository::Delete(PruebaProgramadorBackendCSharp.Models.MarcaAuto)
FNDA:1,System.Void PruebaProgramadorBackendCSharp.Repositories.MarcaAutoRepository::Delete(PruebaProgramadorBackendCSharp.Models.MarcaAuto)
DA:36,1
DA:37,1
DA:38,1
FN:9,System.Void PruebaProgramadorBackendCSharp.Repositories.MarcaAutoRepository::.ctor(PruebaProgramadorBackendCSharp.Data.PruebaDbContext)
FNDA:8,System.Void PruebaProgramadorBackendCSharp.Repositories.MarcaAutoRepository::.ctor(PruebaProgramadorBackendCSharp.Data.PruebaDbContext)
DA:10,8
DA:11,8
DA:12,8
DA:13,8
FN:25,System.Void PruebaProgramadorBackendCSharp.Repositories.MarcaAutoRepository/<AddAsync>d__4::MoveNext()
FNDA:2,System.Void PruebaProgramadorBackendCSharp.Repositories.MarcaAutoRepository/<AddAsync>d__4::MoveNext()
DA:26,2
DA:27,2
DA:28,2
FN:15,System.Void PruebaProgramadorBackendCSharp.Repositories.MarcaAutoRepository/<GetAllAsync>d__2::MoveNext()
FNDA:2,System.Void PruebaProgramadorBackendCSharp.Repositories.MarcaAutoRepository/<GetAllAsync>d__2::MoveNext()
DA:16,2
DA:17,2
DA:18,2
FN:20,System.Void PruebaProgramadorBackendCSharp.Repositories.MarcaAutoRepository/<GetByIdAsync>d__3::MoveNext()
FNDA:2,System.Void PruebaProgramadorBackendCSharp.Repositories.MarcaAutoRepository/<GetByIdAsync>d__3::MoveNext()
DA:21,2
DA:22,2
DA:23,2
FN:40,System.Void PruebaProgramadorBackendCSharp.Repositories.MarcaAutoRepository/<SaveChangesAsync>d__7::MoveNext()
FNDA:4,System.Void PruebaProgramadorBackendCSharp.Repositories.MarcaAutoRepository/<SaveChangesAsync>d__7::MoveNext()
DA:41,4
DA:42,4
DA:43,4
LF:22
LH:22
BRF:0
BRH:0
FNF:7
FNH:7
end_of_record
SF:/home/runner/work/PruebaKenPanama/PruebaKenPanama/PruebaProgramadorBackendCSharp/Models/MarcaAuto.cs
FN:6,System.Int32 PruebaProgramadorBackendCSharp.Models.MarcaAuto::get_Id()
FNDA:23,System.Int32 PruebaProgramadorBackendCSharp.Models.MarcaAuto::get_Id()
DA:7,23
FN:7,System.String PruebaProgramadorBackendCSharp.Models.MarcaAuto::get_Nombre()
FNDA:32,System.String PruebaProgramadorBackendCSharp.Models.MarcaAuto::get_Nombre()
DA:8,32
FN:8,System.String PruebaProgramadorBackendCSharp.Models.MarcaAuto::get_Descripcion()
FNDA:31,System.String PruebaProgramadorBackendCSharp.Models.MarcaAuto::get_Descripcion()
DA:9,31
FN:9,System.DateTime PruebaProgramadorBackendCSharp.Models.MarcaAuto::get_FechaCreacion()
FNDA:26,System.DateTime PruebaProgramadorBackendCSharp.Models.MarcaAuto::get_FechaCreacion()
DA:10,26
LF:4
LH:4
BRF:0
BRH:0
FNF:4
FNH:4
end_of_record
SF:/home/runner/work/PruebaKenPanama/PruebaKenPanama/PruebaProgramadorBackendCSharp/DTOs/MarcaAutoCreateDto.cs
FN:8,System.String PruebaProgramadorBackendCSharp.DTOs.MarcaAutoCreateDto::get_Nombre()
FNDA:30,System.String PruebaProgramadorBackendCSharp.DTOs.MarcaAutoCreateDto::get_Nombre()
DA:9,30
FN:12,System.String PruebaProgramadorBackendCSharp.DTOs.MarcaAutoCreateDto::get_Descripcion()
FNDA:30,System.String PruebaProgramadorBackendCSharp.DTOs.MarcaAutoCreateDto::get_Descripcion()
DA:13,30
LF:2
LH:2
BRF:0
BRH:0
FNF:2
FNH:2
end_of_record
SF:/home/runner/work/PruebaKenPanama/PruebaKenPanama/PruebaProgramadorBackendCSharp/DTOs/MarcaAutoUpdateDto.cs
FN:7,System.Int32 PruebaProgramadorBackendCSharp.DTOs.MarcaAutoUpdateDto::get_Id()
FNDA:22,System.Int32 PruebaProgramadorBackendCSharp.DTOs.MarcaAutoUpdateDto::get_Id()
DA:8,22
FN:11,System.String PruebaProgramadorBackendCSharp.DTOs.MarcaAutoUpdateDto::get_Nombre()
FNDA:25,System.String PruebaProgramadorBackendCSharp.DTOs.MarcaAutoUpdateDto::get_Nombre()
DA:12,25
FN:15,System.String PruebaProgramadorBackendCSharp.DTOs.MarcaAutoUpdateDto::get_Descripcion()
FNDA:25,System.String PruebaProgramadorBackendCSharp.DTOs.MarcaAutoUpdateDto::get_Descripcion()
DA:16,25
LF:3
LH:3
BRF:0
BRH:0
FNF:3
FNH:3
end_of_record
SF:/home/runner/work/PruebaKenPanama/PruebaKenPanama/PruebaProgramadorBackendCSharp/Data/PruebaDbContext.cs
FN:9,Microsoft.EntityFrameworkCore.DbSet`1<PruebaProgramadorBackendCSharp.Models.MarcaAuto> PruebaProgramadorBackendCSharp.Data.PruebaDbContext::get_MarcasAutos()
FNDA:48,Microsoft.EntityFrameworkCore.DbSet`1<PruebaProgramadorBackendCSharp.Models.MarcaAuto> PruebaProgramadorBackendCSharp.Data.PruebaDbContext::get_MarcasAutos()
DA:10,48
FN:12,System.Void PruebaProgramadorBackendCSharp.Data.PruebaDbContext::OnModelCreating(Microsoft.EntityFrameworkCore.ModelBuilder)
FNDA:1,System.Void PruebaProgramadorBackendCSharp.Data.PruebaDbContext::OnModelCreating(Microsoft.EntityFrameworkCore.ModelBuilder)
DA:13,1
DA:14,1
DA:16,1
DA:17,1
DA:18,1
DA:19,1
DA:20,1
DA:21,1
DA:22,1
DA:23,2
DA:25,1
DA:26,1
DA:27,1
DA:28,1
DA:29,1
DA:30,1
DA:31,1
DA:32,1
DA:33,1
DA:34,1
DA:35,1
DA:36,1
DA:37,1
DA:38,1
DA:39,1
DA:40,1
DA:41,1
DA:42,1
DA:43,1
DA:44,1
DA:45,1
DA:46,1
DA:47,1
DA:48,1
FN:7,System.Void PruebaProgramadorBackendCSharp.Data.PruebaDbContext::.ctor(Microsoft.EntityFrameworkCore.DbContextOptions`1<PruebaProgramadorBackendCSharp.Data.PruebaDbContext>)
FNDA:24,System.Void PruebaProgramadorBackendCSharp.Data.PruebaDbContext::.ctor(Microsoft.EntityFrameworkCore.DbContextOptions`1<PruebaProgramadorBackendCSharp.Data.PruebaDbContext>)
DA:8,24
LF:36
LH:36
BRF:0
BRH:0
FNF:3
FNH:3
end_of_record
SF:/home/runner/work/PruebaKenPanama/PruebaKenPanama/PruebaProgramadorBackendCSharp/Controllers/MarcasAutosController.cs
FN:11,System.Void PruebaProgramadorBackendCSharp.Controllers.MarcasAutosController::.ctor(PruebaProgramadorBackendCSharp.Services.IMarcaAutoService)
FNDA:13,System.Void PruebaProgramadorBackendCSharp.Controllers.MarcasAutosController::.ctor(PruebaProgramadorBackendCSharp.Services.IMarcaAutoService)
DA:12,13
DA:13,13
DA:14,13
DA:15,13
FN:84,System.Void PruebaProgramadorBackendCSharp.Controllers.MarcasAutosController/<Delete>d__6::MoveNext()
FNDA:3,System.Void PruebaProgramadorBackendCSharp.Controllers.MarcasAutosController/<Delete>d__6::MoveNext()
DA:85,3
DA:87,3
DA:88,3
DA:89,1
DA:91,1
DA:92,1
DA:93,1
DA:95,1
DA:96,1
DA:97,1
DA:99,3
FN:19,System.Void PruebaProgramadorBackendCSharp.Controllers.MarcasAutosController/<Get>d__2::MoveNext()
FNDA:2,System.Void PruebaProgramadorBackendCSharp.Controllers.MarcasAutosController/<Get>d__2::MoveNext()
DA:20,2
DA:21,2
DA:22,2
DA:23,2
FN:27,System.Void PruebaProgramadorBackendCSharp.Controllers.MarcasAutosController/<Get>d__3::MoveNext()
FNDA:2,System.Void PruebaProgramadorBackendCSharp.Controllers.MarcasAutosController/<Get>d__3::MoveNext()
DA:28,2
DA:30,2
DA:31,2
DA:33,1
DA:35,1
DA:36,1
DA:37,1
DA:39,2
FN:43,System.Void PruebaProgramadorBackendCSharp.Controllers.MarcasAutosController/<Post>d__4::MoveNext()
FNDA:3,System.Void PruebaProgramadorBackendCSharp.Controllers.MarcasAutosController/<Post>d__4::MoveNext()
DA:44,3
DA:45,4
DA:48,2
DA:49,2
DA:50,1
DA:52,1
DA:53,1
DA:54,1
DA:56,3
BRDA:45,36,0,1
BRDA:45,36,1,2
FN:61,System.Void PruebaProgramadorBackendCSharp.Controllers.MarcasAutosController/<Put>d__5::MoveNext()
FNDA:3,System.Void PruebaProgramadorBackendCSharp.Controllers.MarcasAutosController/<Put>d__5::MoveNext()
DA:62,3
DA:63,3
DA:64,4
DA:67,2
DA:68,2
DA:69,1
DA:71,1
DA:72,1
DA:73,1
DA:75,0
DA:76,0
DA:77,0
DA:79,3
BRDA:63,36,0,0
BRDA:63,36,1,3
BRDA:64,90,0,1
BRDA:64,90,1,2
LF:49
LH:46
BRF:6
BRH:5
FNF:6
FNH:6
end_of_record